{
  "RSpec": {
    "coverage": {
      "/Users/joshmejia/code/gschool/jet_fuel/app/jet_fuel.rb": [
        1,
        1,
        null,
        1,
        1
      ],
      "/Users/joshmejia/code/gschool/jet_fuel/app/models/base.rb": [
        1,
        1,
        1,
        1,
        1,
        1
      ],
      "/Users/joshmejia/code/gschool/jet_fuel/app/models/generator.rb": [
        1,
        1,
        42,
        null,
        null
      ],
      "/Users/joshmejia/code/gschool/jet_fuel/app/models/url.rb": [
        1,
        1,
        1,
        null
      ],
      "/Users/joshmejia/code/gschool/jet_fuel/app/models/private_url.rb": [
        1,
        1,
        1,
        1,
        null
      ],
      "/Users/joshmejia/code/gschool/jet_fuel/app/models/user.rb": [
        1,
        1,
        null,
        1,
        1,
        null,
        1,
        6,
        6,
        null,
        null,
        null
      ],
      "/Users/joshmejia/code/gschool/jet_fuel/app/models/user_private_url.rb": [
        1,
        1,
        1,
        null
      ],
      "/Users/joshmejia/code/gschool/jet_fuel/app/server.rb": [
        1,
        1,
        null,
        1,
        null,
        1,
        1,
        1,
        1,
        1,
        1,
        null,
        1,
        25,
        null,
        null,
        1,
        1,
        null,
        null,
        1,
        6,
        6,
        5,
        5,
        5,
        4,
        3,
        3,
        null,
        1,
        null,
        null,
        1,
        null,
        null,
        null,
        1,
        5,
        null,
        null,
        null,
        null,
        null,
        5,
        2,
        1,
        1,
        null,
        1,
        1,
        null,
        1,
        null,
        null,
        3,
        1,
        1,
        null,
        2,
        2,
        null,
        null,
        null,
        null,
        1,
        1,
        1,
        1,
        null,
        null,
        1,
        1,
        1,
        1,
        null,
        null,
        1,
        1,
        1,
        null,
        null,
        1,
        1,
        1,
        0,
        0,
        0,
        0,
        null,
        0,
        null,
        null,
        0,
        null,
        null,
        null,
        1,
        3,
        1,
        null,
        2,
        1,
        1,
        1,
        1,
        1,
        1,
        null,
        1,
        null,
        null,
        null,
        null,
        1,
        2,
        2,
        1,
        1,
        null,
        1,
        null,
        null,
        null,
        1,
        2,
        2,
        null,
        null,
        1,
        2,
        null,
        2,
        2,
        null,
        2,
        1,
        1,
        1,
        null,
        0,
        0,
        0,
        null,
        1,
        1,
        null,
        null,
        null,
        null
      ]
    },
    "timestamp": 1363275532
  }
}
